<?xml version="1.0" encoding="UTF-8"?>
<testsuite name="bookstoread.BookShelfSpec" tests="1" skipped="0" failures="0" errors="0" timestamp="2022-04-22T09:19:56" hostname="tman" time="0.02">
  <properties/>
  <testcase name="shelfEmptyWhenNoBookAdded()" classname="bookstoread.BookShelfSpec" time="0.02"/>
  <system-out><![CDATA[]]></system-out>
  <system-err><![CDATA[]]></system-err>
</testsuite>
